TN:
SF:src/main/main.ts
FN:10,createWindow
FN:33,(anonymous_10)
FN:37,(anonymous_11)
FN:44,(anonymous_12)
FN:51,(anonymous_13)
FN:55,(anonymous_14)
FN:62,(anonymous_15)
FNF:7
FNH:0
FNDA:0,createWindow
FNDA:0,(anonymous_10)
FNDA:0,(anonymous_11)
FNDA:0,(anonymous_12)
FNDA:0,(anonymous_13)
FNDA:0,(anonymous_14)
FNDA:0,(anonymous_15)
DA:1,0
DA:2,0
DA:3,0
DA:4,0
DA:5,0
DA:7,0
DA:11,0
DA:12,0
DA:14,0
DA:31,0
DA:33,0
DA:34,0
DA:37,0
DA:38,0
DA:39,0
DA:40,0
DA:44,0
DA:45,0
DA:48,0
DA:51,0
DA:52,0
DA:53,0
DA:55,0
DA:56,0
DA:57,0
DA:62,0
DA:63,0
DA:64,0
DA:68,0
LF:29
LH:0
BRDA:15,0,0,0
BRDA:15,0,1,0
BRDA:16,1,0,0
BRDA:16,1,1,0
BRDA:38,2,0,0
BRDA:56,3,0,0
BRDA:63,4,0,0
BRF:7
BRH:0
end_of_record
TN:
SF:src/main/menu.ts
FN:4,createApplicationMenu
FN:12,(anonymous_1)
FN:19,(anonymous_2)
FN:27,(anonymous_3)
FN:39,(anonymous_4)
FN:47,(anonymous_5)
FN:59,(anonymous_6)
FN:72,(anonymous_7)
FNF:8
FNH:0
FNDA:0,createApplicationMenu
FNDA:0,(anonymous_1)
FNDA:0,(anonymous_2)
FNDA:0,(anonymous_3)
FNDA:0,(anonymous_4)
FNDA:0,(anonymous_5)
FNDA:0,(anonymous_6)
FNDA:0,(anonymous_7)
DA:1,0
DA:2,0
DA:4,0
DA:5,0
DA:13,0
DA:20,0
DA:28,0
DA:40,0
DA:48,0
DA:60,0
DA:73,0
DA:86,0
DA:87,0
LF:13
LH:0
BRDA:26,0,0,0
BRDA:26,0,1,0
BRF:2
BRH:0
end_of_record
TN:
SF:src/main/preload.ts
FN:22,(anonymous_0)
FN:29,(anonymous_1)
FN:35,(anonymous_2)
FNF:3
FNH:0
FNDA:0,(anonymous_0)
FNDA:0,(anonymous_1)
FNDA:0,(anonymous_2)
DA:1,0
DA:3,0
DA:21,0
DA:23,0
DA:24,0
DA:26,0
DA:30,0
DA:31,0
DA:36,0
DA:37,0
DA:42,0
LF:11
LH:0
BRDA:23,0,0,0
BRDA:30,1,0,0
BRDA:36,2,0,0
BRF:3
BRH:0
end_of_record
TN:
SF:src/main/ipc/handlers.ts
FN:17,setupIpcHandlers
FN:23,(anonymous_10)
FN:27,(anonymous_11)
FN:31,(anonymous_12)
FN:35,(anonymous_13)
FN:39,(anonymous_14)
FN:43,(anonymous_15)
FN:64,(anonymous_16)
FN:71,(anonymous_17)
FN:75,(anonymous_18)
FN:85,(anonymous_19)
FN:92,(anonymous_20)
FN:107,(anonymous_21)
FN:125,(anonymous_22)
FN:146,(anonymous_23)
FN:148,(anonymous_24)
FN:161,(anonymous_25)
FN:166,(anonymous_26)
FN:171,(anonymous_27)
FNF:19
FNH:0
FNDA:0,setupIpcHandlers
FNDA:0,(anonymous_10)
FNDA:0,(anonymous_11)
FNDA:0,(anonymous_12)
FNDA:0,(anonymous_13)
FNDA:0,(anonymous_14)
FNDA:0,(anonymous_15)
FNDA:0,(anonymous_16)
FNDA:0,(anonymous_17)
FNDA:0,(anonymous_18)
FNDA:0,(anonymous_19)
FNDA:0,(anonymous_20)
FNDA:0,(anonymous_21)
FNDA:0,(anonymous_22)
FNDA:0,(anonymous_23)
FNDA:0,(anonymous_24)
FNDA:0,(anonymous_25)
FNDA:0,(anonymous_26)
FNDA:0,(anonymous_27)
DA:1,0
DA:2,0
DA:3,0
DA:5,0
DA:6,0
DA:7,0
DA:8,0
DA:9,0
DA:10,0
DA:17,0
DA:18,0
DA:19,0
DA:20,0
DA:21,0
DA:23,0
DA:24,0
DA:27,0
DA:28,0
DA:31,0
DA:32,0
DA:35,0
DA:36,0
DA:39,0
DA:40,0
DA:43,0
DA:44,0
DA:49,0
DA:50,0
DA:51,0
DA:53,0
DA:54,0
DA:55,0
DA:57,0
DA:61,0
DA:64,0
DA:65,0
DA:66,0
DA:67,0
DA:70,0
DA:71,0
DA:73,0
DA:74,0
DA:75,0
DA:78,0
DA:79,0
DA:82,0
DA:85,0
DA:86,0
DA:87,0
DA:89,0
DA:92,0
DA:93,0
DA:98,0
DA:99,0
DA:100,0
DA:101,0
DA:104,0
DA:107,0
DA:108,0
DA:116,0
DA:117,0
DA:118,0
DA:119,0
DA:122,0
DA:125,0
DA:126,0
DA:136,0
DA:137,0
DA:138,0
DA:139,0
DA:140,0
DA:143,0
DA:146,0
DA:147,0
DA:148,0
DA:149,0
DA:150,0
DA:153,0
DA:154,0
DA:155,0
DA:157,0
DA:161,0
DA:162,0
DA:163,0
DA:166,0
DA:167,0
DA:168,0
DA:171,0
DA:172,0
LF:89
LH:0
BRDA:49,0,0,0
BRDA:49,1,0,0
BRDA:49,1,1,0
BRDA:66,2,0,0
BRDA:74,3,0,0
BRDA:74,4,0,0
BRDA:74,4,1,0
BRDA:98,5,0,0
BRDA:98,6,0,0
BRDA:98,6,1,0
BRDA:111,7,0,0
BRDA:111,7,1,0
BRDA:116,8,0,0
BRDA:116,9,0,0
BRDA:116,9,1,0
BRDA:136,10,0,0
BRDA:136,11,0,0
BRDA:136,11,1,0
BRDA:149,12,0,0
BRF:19
BRH:0
end_of_record
TN:
SF:src/main/services/accountStorage.ts
FN:12,(anonymous_9)
FN:18,(anonymous_10)
FN:27,(anonymous_11)
FN:32,(anonymous_12)
FN:37,(anonymous_13)
FN:43,(anonymous_14)
FN:47,(anonymous_15)
FN:56,(anonymous_16)
FN:62,(anonymous_17)
FN:71,(anonymous_18)
FN:88,(anonymous_19)
FN:89,(anonymous_20)
FN:98,(anonymous_21)
FN:105,(anonymous_22)
FN:106,(anonymous_23)
FN:117,(anonymous_24)
FN:124,(anonymous_25)
FN:127,(anonymous_26)
FN:133,(anonymous_27)
FN:151,(anonymous_28)
FNF:20
FNH:0
FNDA:0,(anonymous_9)
FNDA:0,(anonymous_10)
FNDA:0,(anonymous_11)
FNDA:0,(anonymous_12)
FNDA:0,(anonymous_13)
FNDA:0,(anonymous_14)
FNDA:0,(anonymous_15)
FNDA:0,(anonymous_16)
FNDA:0,(anonymous_17)
FNDA:0,(anonymous_18)
FNDA:0,(anonymous_19)
FNDA:0,(anonymous_20)
FNDA:0,(anonymous_21)
FNDA:0,(anonymous_22)
FNDA:0,(anonymous_23)
FNDA:0,(anonymous_24)
FNDA:0,(anonymous_25)
FNDA:0,(anonymous_26)
FNDA:0,(anonymous_27)
FNDA:0,(anonymous_28)
DA:1,0
DA:2,0
DA:3,0
DA:5,0
DA:7,0
DA:9,0
DA:10,0
DA:13,0
DA:14,0
DA:15,0
DA:19,0
DA:20,0
DA:21,0
DA:23,0
DA:28,0
DA:29,0
DA:32,0
DA:33,0
DA:38,0
DA:39,0
DA:40,0
DA:44,0
DA:48,0
DA:49,0
DA:50,0
DA:55,0
DA:56,0
DA:57,0
DA:58,0
DA:61,0
DA:62,0
DA:64,0
DA:65,0
DA:68,0
DA:69,0
DA:71,0
DA:72,0
DA:73,0
DA:76,0
DA:81,0
DA:84,0
DA:85,0
DA:89,0
DA:90,0
DA:91,0
DA:94,0
DA:95,0
DA:99,0
DA:100,0
DA:102,0
DA:103,0
DA:106,0
DA:107,0
DA:108,0
DA:113,0
DA:118,0
DA:119,0
DA:121,0
DA:122,0
DA:124,0
DA:125,0
DA:127,0
DA:129,0
DA:130,0
DA:131,0
DA:133,0
DA:134,0
DA:136,0
DA:137,0
DA:138,0
DA:139,0
DA:143,0
DA:147,0
DA:149,0
DA:150,0
DA:151,0
DA:152,0
DA:153,0
DA:154,0
DA:157,0
DA:161,0
LF:81
LH:0
BRDA:28,0,0,0
BRDA:49,1,0,0
BRDA:55,2,0,0
BRDA:55,2,1,0
BRDA:57,3,0,0
BRDA:62,4,0,0
BRDA:62,4,1,0
BRDA:64,5,0,0
BRDA:72,6,0,0
BRDA:90,7,0,0
BRDA:99,8,0,0
BRDA:99,8,1,0
BRDA:108,9,0,0
BRDA:108,9,1,0
BRDA:121,10,0,0
BRDA:121,10,1,0
BRDA:125,11,0,0
BRDA:130,12,0,0
BRDA:130,12,1,0
BRDA:134,13,0,0
BRDA:134,13,1,0
BRDA:136,14,0,0
BRDA:136,14,1,0
BRDA:136,15,0,0
BRDA:136,15,1,0
BRDA:137,16,0,0
BRDA:137,16,1,0
BRDA:138,17,0,0
BRDA:152,18,0,0
BRF:29
BRH:0
end_of_record
TN:
SF:src/main/services/batchFileScanner.ts
FN:7,(anonymous_9)
FN:19,(anonymous_10)
FN:36,(anonymous_11)
FN:42,(anonymous_12)
FNF:4
FNH:4
FNDA:16,(anonymous_9)
FNDA:72,(anonymous_10)
FNDA:84,(anonymous_11)
FNDA:84,(anonymous_12)
DA:1,1
DA:2,1
DA:6,1
DA:8,16
DA:10,16
DA:11,16
DA:13,1
DA:16,16
DA:20,72
DA:22,71
DA:23,154
DA:25,154
DA:26,56
DA:27,98
DA:28,84
DA:29,84
DA:30,70
DA:37,84
DA:38,84
DA:40,84
DA:41,84
DA:42,168
DA:43,84
DA:47,84
DA:49,84
DA:50,84
DA:51,84
DA:54,84
DA:55,84
DA:56,70
DA:59,84
DA:60,84
DA:61,56
DA:64,84
DA:65,84
DA:66,0
DA:69,84
DA:70,84
DA:71,0
DA:74,84
DA:76,0
DA:77,0
LF:42
LH:38
BRDA:25,0,0,56
BRDA:25,0,1,98
BRDA:27,1,0,84
BRDA:27,2,0,98
BRDA:27,2,1,98
BRDA:29,3,0,70
BRDA:29,4,0,84
BRDA:29,4,1,84
BRDA:29,4,2,84
BRDA:50,5,0,84
BRDA:55,6,0,70
BRDA:60,7,0,56
BRDA:65,8,0,0
BRDA:65,9,0,84
BRDA:65,9,1,0
BRDA:70,10,0,0
BRDA:70,11,0,84
BRDA:70,11,1,14
BRF:18
BRH:15
end_of_record
TN:
SF:src/main/services/gameProcessManager.ts
FN:12,(anonymous_9)
FN:17,(anonymous_10)
FN:18,(anonymous_11)
FN:23,(anonymous_12)
FN:34,(anonymous_13)
FN:60,(anonymous_14)
FN:60,(anonymous_15)
FN:63,(anonymous_16)
FN:88,(anonymous_17)
FN:108,(anonymous_18)
FN:112,(anonymous_19)
FN:116,(anonymous_20)
FNF:12
FNH:0
FNDA:0,(anonymous_9)
FNDA:0,(anonymous_10)
FNDA:0,(anonymous_11)
FNDA:0,(anonymous_12)
FNDA:0,(anonymous_13)
FNDA:0,(anonymous_14)
FNDA:0,(anonymous_15)
FNDA:0,(anonymous_16)
FNDA:0,(anonymous_17)
FNDA:0,(anonymous_18)
FNDA:0,(anonymous_19)
FNDA:0,(anonymous_20)
DA:1,0
DA:2,0
DA:3,0
DA:4,0
DA:5,0
DA:8,0
DA:9,0
DA:10,0
DA:13,0
DA:14,0
DA:18,0
DA:19,0
DA:24,0
DA:25,0
DA:26,0
DA:28,0
DA:29,0
DA:35,0
DA:36,0
DA:37,0
DA:39,0
DA:40,0
DA:42,0
DA:48,0
DA:50,0
DA:51,0
DA:57,0
DA:60,0
DA:64,0
DA:72,0
DA:73,0
DA:76,0
DA:77,0
DA:78,0
DA:79,0
DA:81,0
DA:82,0
DA:83,0
DA:85,0
DA:89,0
DA:90,0
DA:91,0
DA:94,0
DA:95,0
DA:96,0
DA:98,0
DA:101,0
DA:102,0
DA:104,0
DA:109,0
DA:113,0
DA:117,0
DA:118,0
LF:53
LH:0
BRDA:50,0,0,0
BRDA:72,1,0,0
BRDA:78,2,0,0
BRDA:78,2,1,0
BRDA:90,3,0,0
BRDA:95,4,0,0
BRDA:95,4,1,0
BRDA:117,5,0,0
BRF:8
BRH:0
end_of_record
TN:
SF:src/main/services/settingsManager.ts
FN:17,(anonymous_10)
FN:50,(anonymous_11)
FN:54,(anonymous_12)
FN:71,(anonymous_13)
FN:77,(anonymous_14)
FNF:5
FNH:0
FNDA:0,(anonymous_10)
FNDA:0,(anonymous_11)
FNDA:0,(anonymous_12)
FNDA:0,(anonymous_13)
FNDA:0,(anonymous_14)
DA:1,0
DA:3,0
DA:4,0
DA:10,0
DA:12,0
DA:18,0
DA:51,0
DA:55,0
DA:56,0
DA:59,0
DA:60,0
DA:61,0
DA:62,0
DA:64,0
DA:68,0
DA:72,0
DA:73,0
DA:74,0
DA:78,0
LF:19
LH:0
BRDA:55,0,0,0
BRDA:55,1,0,0
BRDA:55,1,1,0
BRDA:59,2,0,0
BRF:4
BRH:0
end_of_record
TN:
SF:src/main/services/webviewManager.ts
FN:9,(anonymous_0)
FN:53,(anonymous_1)
FN:57,(anonymous_2)
FN:61,(anonymous_3)
FN:70,(anonymous_4)
FN:127,(anonymous_5)
FN:135,(anonymous_6)
FN:148,(anonymous_7)
FN:154,(anonymous_8)
FN:158,(anonymous_9)
FN:162,(anonymous_10)
FNF:11
FNH:0
FNDA:0,(anonymous_0)
FNDA:0,(anonymous_1)
FNDA:0,(anonymous_2)
FNDA:0,(anonymous_3)
FNDA:0,(anonymous_4)
FNDA:0,(anonymous_5)
FNDA:0,(anonymous_6)
FNDA:0,(anonymous_7)
FNDA:0,(anonymous_8)
FNDA:0,(anonymous_9)
FNDA:0,(anonymous_10)
DA:1,0
DA:3,0
DA:5,0
DA:6,0
DA:7,0
DA:10,0
DA:11,0
DA:12,0
DA:13,0
DA:16,0
DA:17,0
DA:20,0
DA:21,0
DA:23,0
DA:25,0
DA:36,0
DA:38,0
DA:39,0
DA:46,0
DA:51,0
DA:53,0
DA:54,0
DA:57,0
DA:58,0
DA:61,0
DA:62,0
DA:63,0
DA:67,0
DA:71,0
DA:72,0
DA:121,0
DA:123,0
DA:128,0
DA:129,0
DA:130,0
DA:131,0
DA:136,0
DA:137,0
DA:138,0
DA:139,0
DA:140,0
DA:142,0
DA:143,0
DA:149,0
DA:150,0
DA:155,0
DA:159,0
DA:163,0
DA:165,0
DA:166,0
DA:167,0
LF:51
LH:0
BRDA:11,0,0,0
BRDA:16,1,0,0
BRDA:62,2,0,0
BRDA:129,3,0,0
BRDA:129,4,0,0
BRDA:129,4,1,0
BRDA:137,5,0,0
BRDA:137,6,0,0
BRDA:137,6,1,0
BRDA:142,7,0,0
BRDA:163,8,0,0
BRF:11
BRH:0
end_of_record
TN:
SF:src/renderer/renderer.ts
FN:13,(anonymous_0)
FN:21,(anonymous_1)
FN:29,(anonymous_2)
FN:37,(anonymous_3)
FN:49,(anonymous_4)
FN:51,(anonymous_5)
FN:67,(anonymous_6)
FN:68,(anonymous_7)
FN:69,(anonymous_8)
FN:70,(anonymous_9)
FN:71,(anonymous_10)
FN:72,(anonymous_11)
FN:73,(anonymous_12)
FN:74,(anonymous_13)
FN:75,(anonymous_14)
FN:76,(anonymous_15)
FN:78,(anonymous_16)
FN:79,(anonymous_17)
FN:81,(anonymous_18)
FN:86,(anonymous_19)
FN:87,(anonymous_20)
FN:91,(anonymous_21)
FN:95,(anonymous_22)
FN:103,(anonymous_23)
FN:104,(anonymous_24)
FN:105,(anonymous_25)
FN:113,(anonymous_26)
FN:114,(anonymous_27)
FN:115,(anonymous_28)
FN:116,(anonymous_29)
FN:117,(anonymous_30)
FN:120,(anonymous_31)
FN:134,(anonymous_32)
FN:143,(anonymous_33)
FN:144,(anonymous_34)
FN:157,(anonymous_35)
FN:171,(anonymous_36)
FN:181,(anonymous_37)
FN:192,(anonymous_38)
FN:206,(anonymous_39)
FN:219,(anonymous_40)
FN:226,(anonymous_41)
FN:226,(anonymous_42)
FN:237,(anonymous_43)
FN:243,(anonymous_44)
FN:243,(anonymous_45)
FN:253,(anonymous_46)
FN:254,(anonymous_47)
FN:265,(anonymous_48)
FN:271,(anonymous_49)
FN:306,(anonymous_50)
FN:320,(anonymous_51)
FN:332,(anonymous_52)
FN:364,(anonymous_53)
FN:376,(anonymous_54)
FNF:55
FNH:0
FNDA:0,(anonymous_0)
FNDA:0,(anonymous_1)
FNDA:0,(anonymous_2)
FNDA:0,(anonymous_3)
FNDA:0,(anonymous_4)
FNDA:0,(anonymous_5)
FNDA:0,(anonymous_6)
FNDA:0,(anonymous_7)
FNDA:0,(anonymous_8)
FNDA:0,(anonymous_9)
FNDA:0,(anonymous_10)
FNDA:0,(anonymous_11)
FNDA:0,(anonymous_12)
FNDA:0,(anonymous_13)
FNDA:0,(anonymous_14)
FNDA:0,(anonymous_15)
FNDA:0,(anonymous_16)
FNDA:0,(anonymous_17)
FNDA:0,(anonymous_18)
FNDA:0,(anonymous_19)
FNDA:0,(anonymous_20)
FNDA:0,(anonymous_21)
FNDA:0,(anonymous_22)
FNDA:0,(anonymous_23)
FNDA:0,(anonymous_24)
FNDA:0,(anonymous_25)
FNDA:0,(anonymous_26)
FNDA:0,(anonymous_27)
FNDA:0,(anonymous_28)
FNDA:0,(anonymous_29)
FNDA:0,(anonymous_30)
FNDA:0,(anonymous_31)
FNDA:0,(anonymous_32)
FNDA:0,(anonymous_33)
FNDA:0,(anonymous_34)
FNDA:0,(anonymous_35)
FNDA:0,(anonymous_36)
FNDA:0,(anonymous_37)
FNDA:0,(anonymous_38)
FNDA:0,(anonymous_39)
FNDA:0,(anonymous_40)
FNDA:0,(anonymous_41)
FNDA:0,(anonymous_42)
FNDA:0,(anonymous_43)
FNDA:0,(anonymous_44)
FNDA:0,(anonymous_45)
FNDA:0,(anonymous_46)
FNDA:0,(anonymous_47)
FNDA:0,(anonymous_48)
FNDA:0,(anonymous_49)
FNDA:0,(anonymous_50)
FNDA:0,(anonymous_51)
FNDA:0,(anonymous_52)
FNDA:0,(anonymous_53)
FNDA:0,(anonymous_54)
DA:2,0
DA:3,0
DA:4,0
DA:10,0
DA:11,0
DA:14,0
DA:15,0
DA:16,0
DA:18,0
DA:22,0
DA:23,0
DA:24,0
DA:25,0
DA:26,0
DA:30,0
DA:31,0
DA:33,0
DA:38,0
DA:39,0
DA:40,0
DA:41,0
DA:43,0
DA:45,0
DA:50,0
DA:51,0
DA:52,0
DA:53,0
DA:55,0
DA:59,0
DA:60,0
DA:62,0
DA:63,0
DA:68,0
DA:69,0
DA:70,0
DA:71,0
DA:72,0
DA:73,0
DA:74,0
DA:75,0
DA:76,0
DA:78,0
DA:79,0
DA:81,0
DA:82,0
DA:83,0
DA:86,0
DA:87,0
DA:88,0
DA:91,0
DA:92,0
DA:93,0
DA:94,0
DA:95,0
DA:96,0
DA:97,0
DA:104,0
DA:105,0
DA:106,0
DA:107,0
DA:108,0
DA:109,0
DA:113,0
DA:114,0
DA:115,0
DA:116,0
DA:117,0
DA:121,0
DA:122,0
DA:123,0
DA:125,0
DA:126,0
DA:127,0
DA:130,0
DA:131,0
DA:135,0
DA:136,0
DA:138,0
DA:139,0
DA:140,0
DA:144,0
DA:145,0
DA:146,0
DA:148,0
DA:149,0
DA:152,0
DA:153,0
DA:158,0
DA:159,0
DA:160,0
DA:161,0
DA:162,0
DA:163,0
DA:164,0
DA:166,0
DA:172,0
DA:173,0
DA:175,0
DA:176,0
DA:178,0
DA:179,0
DA:180,0
DA:181,0
DA:182,0
DA:183,0
DA:184,0
DA:187,0
DA:193,0
DA:194,0
DA:196,0
DA:200,0
DA:201,0
DA:203,0
DA:204,0
DA:205,0
DA:206,0
DA:207,0
DA:208,0
DA:210,0
DA:212,0
DA:216,0
DA:220,0
DA:221,0
DA:222,0
DA:225,0
DA:226,0
DA:228,0
DA:230,0
DA:231,0
DA:233,0
DA:238,0
DA:239,0
DA:240,0
DA:243,0
DA:244,0
DA:246,0
DA:247,0
DA:249,0
DA:254,0
DA:255,0
DA:257,0
DA:262,0
DA:264,0
DA:265,0
DA:267,0
DA:272,0
DA:273,0
DA:275,0
DA:277,0
DA:278,0
DA:279,0
DA:280,0
DA:281,0
DA:282,0
DA:283,0
DA:284,0
DA:286,0
DA:289,0
DA:290,0
DA:292,0
DA:295,0
DA:296,0
DA:297,0
DA:298,0
DA:302,0
DA:307,0
DA:308,0
DA:310,0
DA:311,0
DA:312,0
DA:313,0
DA:316,0
DA:321,0
DA:322,0
DA:323,0
DA:324,0
DA:325,0
DA:327,0
DA:333,0
DA:335,0
DA:336,0
DA:338,0
DA:340,0
DA:341,0
DA:343,0
DA:345,0
DA:346,0
DA:347,0
DA:349,0
DA:350,0
DA:351,0
DA:353,0
DA:354,0
DA:356,0
DA:357,0
DA:359,0
DA:360,0
DA:365,0
DA:366,0
DA:367,0
DA:368,0
DA:371,0
DA:376,0
DA:377,0
LF:204
LH:0
BRDA:52,0,0,0
BRDA:52,0,1,0
BRDA:59,1,0,0
BRDA:59,1,1,0
BRDA:93,2,0,0
BRDA:93,3,0,0
BRDA:93,3,1,0
BRDA:96,4,0,0
BRDA:106,5,0,0
BRDA:125,6,0,0
BRDA:125,7,0,0
BRDA:125,7,1,0
BRDA:126,8,0,0
BRDA:126,8,1,0
BRDA:127,9,0,0
BRDA:127,9,1,0
BRDA:148,10,0,0
BRDA:149,11,0,0
BRDA:149,11,1,0
BRDA:152,12,0,0
BRDA:159,13,0,0
BRDA:173,14,0,0
BRDA:178,15,0,0
BRDA:182,16,0,0
BRDA:194,17,0,0
BRDA:196,18,0,0
BRDA:196,18,1,0
BRDA:201,19,0,0
BRDA:207,20,0,0
BRDA:220,21,0,0
BRDA:228,22,0,0
BRDA:238,23,0,0
BRDA:244,24,0,0
BRDA:255,25,0,0
BRDA:259,26,0,0
BRDA:259,26,1,0
BRDA:262,27,0,0
BRDA:273,28,0,0
BRDA:277,29,0,0
BRDA:277,29,1,0
BRDA:279,30,0,0
BRDA:279,30,1,0
BRDA:279,31,0,0
BRDA:279,31,1,0
BRDA:296,32,0,0
BRDA:296,33,0,0
BRDA:296,33,1,0
BRDA:308,34,0,0
BRDA:312,35,0,0
BRDA:321,36,0,0
BRDA:321,36,1,0
BRDA:322,37,0,0
BRDA:333,38,0,0
BRDA:333,38,1,0
BRDA:333,38,2,0
BRDA:333,38,3,0
BRDA:333,38,4,0
BRDA:333,38,5,0
BRDA:333,38,6,0
BRDA:335,39,0,0
BRDA:335,40,0,0
BRDA:335,40,1,0
BRDA:340,41,0,0
BRDA:367,42,0,0
BRF:64
BRH:0
end_of_record
TN:
SF:src/renderer/components/accountTable.ts
FN:9,(anonymous_0)
FN:17,(anonymous_1)
FN:23,(anonymous_2)
FN:28,(anonymous_3)
FN:29,(anonymous_4)
FN:36,(anonymous_5)
FN:37,(anonymous_6)
FN:46,(anonymous_7)
FN:65,(anonymous_8)
FN:69,(anonymous_9)
FN:74,(anonymous_10)
FN:85,(anonymous_11)
FN:86,(anonymous_12)
FN:89,(anonymous_13)
FN:91,(anonymous_14)
FN:96,(anonymous_15)
FN:150,(anonymous_16)
FN:152,(anonymous_17)
FN:158,(anonymous_18)
FN:163,(anonymous_19)
FN:168,(anonymous_20)
FN:174,(anonymous_21)
FN:180,(anonymous_22)
FN:186,(anonymous_23)
FN:190,(anonymous_24)
FN:195,(anonymous_25)
FNF:26
FNH:0
FNDA:0,(anonymous_0)
FNDA:0,(anonymous_1)
FNDA:0,(anonymous_2)
FNDA:0,(anonymous_3)
FNDA:0,(anonymous_4)
FNDA:0,(anonymous_5)
FNDA:0,(anonymous_6)
FNDA:0,(anonymous_7)
FNDA:0,(anonymous_8)
FNDA:0,(anonymous_9)
FNDA:0,(anonymous_10)
FNDA:0,(anonymous_11)
FNDA:0,(anonymous_12)
FNDA:0,(anonymous_13)
FNDA:0,(anonymous_14)
FNDA:0,(anonymous_15)
FNDA:0,(anonymous_16)
FNDA:0,(anonymous_17)
FNDA:0,(anonymous_18)
FNDA:0,(anonymous_19)
FNDA:0,(anonymous_20)
FNDA:0,(anonymous_21)
FNDA:0,(anonymous_22)
FNDA:0,(anonymous_23)
FNDA:0,(anonymous_24)
FNDA:0,(anonymous_25)
DA:2,0
DA:4,0
DA:6,0
DA:7,0
DA:10,0
DA:11,0
DA:12,0
DA:13,0
DA:18,0
DA:19,0
DA:20,0
DA:24,0
DA:25,0
DA:29,0
DA:30,0
DA:31,0
DA:32,0
DA:37,0
DA:38,0
DA:39,0
DA:40,0
DA:41,0
DA:43,0
DA:47,0
DA:48,0
DA:50,0
DA:53,0
DA:54,0
DA:55,0
DA:56,0
DA:57,0
DA:59,0
DA:62,0
DA:66,0
DA:68,0
DA:69,0
DA:70,0
DA:74,0
DA:75,0
DA:76,0
DA:77,0
DA:79,0
DA:82,0
DA:86,0
DA:90,0
DA:91,0
DA:92,0
DA:97,0
DA:99,0
DA:100,0
DA:101,0
DA:102,0
DA:105,0
DA:106,0
DA:108,0
DA:109,0
DA:110,0
DA:112,0
DA:147,0
DA:151,0
DA:152,0
DA:153,0
DA:154,0
DA:157,0
DA:158,0
DA:159,0
DA:162,0
DA:163,0
DA:164,0
DA:167,0
DA:168,0
DA:169,0
DA:170,0
DA:173,0
DA:174,0
DA:175,0
DA:176,0
DA:179,0
DA:180,0
DA:181,0
DA:182,0
DA:185,0
DA:186,0
DA:187,0
DA:190,0
DA:191,0
DA:196,0
DA:197,0
DA:198,0
LF:89
LH:0
BRDA:12,0,0,0
BRDA:30,1,0,0
BRDA:40,2,0,0
BRDA:47,3,0,0
BRDA:47,3,1,0
BRDA:54,4,0,0
BRDA:56,5,0,0
BRDA:68,6,0,0
BRDA:76,7,0,0
BRDA:99,8,0,0
BRDA:106,9,0,0
BRDA:106,9,1,0
BRDA:109,10,0,0
BRDA:110,11,0,0
BRDA:114,12,0,0
BRDA:114,12,1,0
BRDA:119,13,0,0
BRDA:119,13,1,0
BRDA:120,14,0,0
BRDA:120,14,1,0
BRDA:121,15,0,0
BRDA:121,15,1,0
BRDA:122,16,0,0
BRDA:122,16,1,0
BRDA:123,17,0,0
BRDA:123,17,1,0
BRDA:125,18,0,0
BRDA:125,18,1,0
BRDA:126,19,0,0
BRDA:126,19,1,0
BRDA:131,20,0,0
BRDA:131,20,1,0
BRDA:134,21,0,0
BRDA:134,21,1,0
BRF:34
BRH:0
end_of_record
TN:
SF:src/renderer/components/contextMenu.ts
FN:13,(anonymous_0)
FN:32,(anonymous_1)
FN:46,(anonymous_2)
FN:66,(anonymous_3)
FN:73,(anonymous_4)
FN:78,(anonymous_5)
FNF:6
FNH:0
FNDA:0,(anonymous_0)
FNDA:0,(anonymous_1)
FNDA:0,(anonymous_2)
FNDA:0,(anonymous_3)
FNDA:0,(anonymous_4)
FNDA:0,(anonymous_5)
DA:10,0
DA:11,0
DA:14,0
DA:16,0
DA:17,0
DA:19,0
DA:32,0
DA:33,0
DA:34,0
DA:35,0
DA:36,0
DA:38,0
DA:39,0
DA:40,0
DA:41,0
DA:42,0
DA:44,0
DA:46,0
DA:47,0
DA:48,0
DA:53,0
DA:57,0
DA:59,0
DA:60,0
DA:61,0
DA:63,0
DA:64,0
DA:66,0
DA:67,0
DA:68,0
DA:69,0
DA:73,0
DA:74,0
DA:79,0
DA:80,0
DA:81,0
LF:36
LH:0
BRDA:33,0,0,0
BRDA:33,0,1,0
BRDA:40,1,0,0
BRDA:44,2,0,0
BRDA:44,2,1,0
BRDA:49,3,0,0
BRDA:49,3,1,0
BRDA:67,4,0,0
BRDA:79,5,0,0
BRF:9
BRH:0
end_of_record
TN:
SF:src/renderer/components/dialogManager.ts
FN:6,(anonymous_0)
FN:10,(anonymous_1)
FN:11,(anonymous_2)
FN:68,(anonymous_3)
FN:70,(anonymous_4)
FN:75,(anonymous_5)
FN:104,(anonymous_6)
FN:111,(anonymous_7)
FN:118,(anonymous_8)
FN:119,(anonymous_9)
FN:159,(anonymous_10)
FN:163,(anonymous_11)
FN:176,(anonymous_12)
FN:178,(anonymous_13)
FN:183,(anonymous_14)
FN:194,(anonymous_15)
FN:203,(anonymous_16)
FN:204,(anonymous_17)
FN:227,(anonymous_18)
FN:229,(anonymous_19)
FN:234,(anonymous_20)
FN:239,(anonymous_21)
FN:248,(anonymous_22)
FN:252,(anonymous_23)
FN:253,(anonymous_24)
FN:273,(anonymous_25)
FN:275,(anonymous_26)
FN:280,(anonymous_27)
FN:289,(anonymous_28)
FN:290,(anonymous_29)
FN:317,(anonymous_30)
FN:319,(anonymous_31)
FN:324,(anonymous_32)
FN:329,(anonymous_33)
FN:334,(anonymous_34)
FN:343,(anonymous_35)
FN:344,(anonymous_36)
FN:371,(anonymous_37)
FN:373,(anonymous_38)
FN:378,(anonymous_39)
FN:383,(anonymous_40)
FN:388,(anonymous_41)
FN:397,(anonymous_42)
FN:403,(anonymous_43)
FNF:44
FNH:0
FNDA:0,(anonymous_0)
FNDA:0,(anonymous_1)
FNDA:0,(anonymous_2)
FNDA:0,(anonymous_3)
FNDA:0,(anonymous_4)
FNDA:0,(anonymous_5)
FNDA:0,(anonymous_6)
FNDA:0,(anonymous_7)
FNDA:0,(anonymous_8)
FNDA:0,(anonymous_9)
FNDA:0,(anonymous_10)
FNDA:0,(anonymous_11)
FNDA:0,(anonymous_12)
FNDA:0,(anonymous_13)
FNDA:0,(anonymous_14)
FNDA:0,(anonymous_15)
FNDA:0,(anonymous_16)
FNDA:0,(anonymous_17)
FNDA:0,(anonymous_18)
FNDA:0,(anonymous_19)
FNDA:0,(anonymous_20)
FNDA:0,(anonymous_21)
FNDA:0,(anonymous_22)
FNDA:0,(anonymous_23)
FNDA:0,(anonymous_24)
FNDA:0,(anonymous_25)
FNDA:0,(anonymous_26)
FNDA:0,(anonymous_27)
FNDA:0,(anonymous_28)
FNDA:0,(anonymous_29)
FNDA:0,(anonymous_30)
FNDA:0,(anonymous_31)
FNDA:0,(anonymous_32)
FNDA:0,(anonymous_33)
FNDA:0,(anonymous_34)
FNDA:0,(anonymous_35)
FNDA:0,(anonymous_36)
FNDA:0,(anonymous_37)
FNDA:0,(anonymous_38)
FNDA:0,(anonymous_39)
FNDA:0,(anonymous_40)
FNDA:0,(anonymous_41)
FNDA:0,(anonymous_42)
FNDA:0,(anonymous_43)
DA:3,0
DA:7,0
DA:11,0
DA:12,0
DA:13,0
DA:15,0
DA:61,0
DA:62,0
DA:64,0
DA:65,0
DA:66,0
DA:68,0
DA:70,0
DA:71,0
DA:72,0
DA:75,0
DA:76,0
DA:77,0
DA:83,0
DA:85,0
DA:86,0
DA:88,0
DA:89,0
DA:91,0
DA:92,0
DA:94,0
DA:95,0
DA:97,0
DA:98,0
DA:100,0
DA:101,0
DA:104,0
DA:105,0
DA:106,0
DA:107,0
DA:111,0
DA:112,0
DA:113,0
DA:119,0
DA:120,0
DA:121,0
DA:123,0
DA:148,0
DA:149,0
DA:151,0
DA:152,0
DA:153,0
DA:154,0
DA:155,0
DA:156,0
DA:157,0
DA:159,0
DA:160,0
DA:163,0
DA:164,0
DA:165,0
DA:166,0
DA:167,0
DA:169,0
DA:172,0
DA:176,0
DA:178,0
DA:179,0
DA:180,0
DA:183,0
DA:184,0
DA:185,0
DA:190,0
DA:191,0
DA:194,0
DA:195,0
DA:196,0
DA:197,0
DA:204,0
DA:205,0
DA:206,0
DA:208,0
DA:221,0
DA:222,0
DA:224,0
DA:225,0
DA:227,0
DA:229,0
DA:230,0
DA:231,0
DA:234,0
DA:235,0
DA:236,0
DA:239,0
DA:240,0
DA:241,0
DA:242,0
DA:249,0
DA:253,0
DA:254,0
DA:255,0
DA:257,0
DA:269,0
DA:270,0
DA:272,0
DA:273,0
DA:275,0
DA:276,0
DA:277,0
DA:280,0
DA:281,0
DA:282,0
DA:283,0
DA:290,0
DA:291,0
DA:292,0
DA:294,0
DA:310,0
DA:311,0
DA:313,0
DA:314,0
DA:315,0
DA:317,0
DA:319,0
DA:320,0
DA:321,0
DA:324,0
DA:325,0
DA:326,0
DA:329,0
DA:330,0
DA:331,0
DA:334,0
DA:335,0
DA:336,0
DA:337,0
DA:344,0
DA:345,0
DA:346,0
DA:348,0
DA:364,0
DA:365,0
DA:367,0
DA:368,0
DA:369,0
DA:371,0
DA:373,0
DA:374,0
DA:375,0
DA:378,0
DA:379,0
DA:380,0
DA:383,0
DA:384,0
DA:385,0
DA:388,0
DA:389,0
DA:390,0
DA:391,0
DA:398,0
DA:399,0
DA:400,0
DA:404,0
DA:405,0
DA:406,0
LF:160
LH:0
BRDA:7,0,0,0
BRDA:7,0,1,0
BRDA:17,1,0,0
BRDA:17,1,1,0
BRDA:23,2,0,0
BRDA:23,2,1,0
BRDA:27,3,0,0
BRDA:27,3,1,0
BRDA:31,4,0,0
BRDA:31,4,1,0
BRDA:35,5,0,0
BRDA:35,5,1,0
BRDA:39,6,0,0
BRDA:39,6,1,0
BRDA:43,7,0,0
BRDA:43,7,1,0
BRDA:47,8,0,0
BRDA:47,8,1,0
BRDA:51,9,0,0
BRDA:51,9,1,0
BRDA:83,10,0,0
BRDA:86,11,0,0
BRDA:89,12,0,0
BRDA:92,13,0,0
BRDA:95,14,0,0
BRDA:98,15,0,0
BRDA:105,16,0,0
BRDA:166,17,0,0
BRDA:166,17,1,0
BRDA:195,18,0,0
BRDA:240,19,0,0
BRDA:281,20,0,0
BRDA:335,21,0,0
BRDA:389,22,0,0
BRF:34
BRH:0
end_of_record
TN:
SF:src/shared/utils/validation.ts
FN:3,validateAccount
FN:29,generateAccountId
FN:33,serializeAccount
FN:37,deserializeAccount
FNF:4
FNH:4
FNDA:131,validateAccount
FNDA:1265,generateAccountId
FNDA:8,serializeAccount
FNDA:7,deserializeAccount
DA:3,3
DA:4,131
DA:6,131
DA:7,3
DA:10,131
DA:11,3
DA:14,131
DA:15,3
DA:18,131
DA:19,3
DA:22,131
DA:23,3
DA:26,131
DA:29,3
DA:30,1265
DA:33,3
DA:34,8
DA:37,3
DA:38,7
LF:19
LH:19
BRDA:6,0,0,3
BRDA:6,1,0,131
BRDA:6,1,1,129
BRDA:10,2,0,3
BRDA:10,3,0,131
BRDA:10,3,1,128
BRDA:14,4,0,3
BRDA:14,5,0,131
BRDA:14,5,1,128
BRDA:18,6,0,3
BRDA:18,7,0,131
BRDA:18,7,1,124
BRDA:18,7,2,122
BRDA:22,8,0,3
BRDA:22,9,0,131
BRDA:22,9,1,31
BRDA:22,9,2,29
BRF:17
BRH:17
end_of_record
